\BOOKMARK [1][-]{section.1}{Introduction}{}% 1
\BOOKMARK [2][-]{subsection.1.1}{Problem Statement}{section.1}% 2
\BOOKMARK [2][-]{subsection.1.2}{The BLEU Metric}{section.1}% 3
\BOOKMARK [2][-]{subsection.1.3}{Benchmark Model}{section.1}% 4
\BOOKMARK [2][-]{subsection.1.4}{The Datasets}{section.1}% 5
\BOOKMARK [1][-]{section.2}{Neural Machine Translation}{}% 6
\BOOKMARK [2][-]{subsection.2.1}{Word Embeddings}{section.2}% 7
\BOOKMARK [2][-]{subsection.2.2}{Recurrent Neural Networks}{section.2}% 8
\BOOKMARK [2][-]{subsection.2.3}{Long Short-Term Memory Units}{section.2}% 9
\BOOKMARK [2][-]{subsection.2.4}{Encoder-Decoder Architecture}{section.2}% 10
\BOOKMARK [1][-]{section.3}{Analysis and Data Exploration}{}% 11
\BOOKMARK [2][-]{subsection.3.1}{Algorithms}{section.3}% 12
\BOOKMARK [1][-]{section.4}{Methodology}{}% 13
\BOOKMARK [2][-]{subsection.4.1}{Data Preprocessing}{section.4}% 14
\BOOKMARK [2][-]{subsection.4.2}{Implementation}{section.4}% 15
\BOOKMARK [2][-]{subsection.4.3}{Refinement}{section.4}% 16
\BOOKMARK [1][-]{section.5}{Results}{}% 17
\BOOKMARK [2][-]{subsection.5.1}{Model Evaluation and Validation}{section.5}% 18
\BOOKMARK [1][-]{section.6}{Conclusion}{}% 19
\BOOKMARK [2][-]{subsection.6.1}{Improvement}{section.6}% 20
